<?xml version="1.0" encoding="UTF-8"?>
<!-- Generated by org.testng.reporters.JUnitReportReporter -->
<testsuite skipped="0" hostname="Jayarees-MacBook-Pro.local" name="Stepdef.Successful_Registration_from_FUN_with_Top_Up" tests="12" failures="1" timestamp="17 Aug 2020 16:17:18 GMT" time="152.278" errors="1">
  <testcase name="i_am_a_new_user_and_choose_to_register" time="22.845" classname="Stepdef.Successful_Registration_from_FUN_with_Top_Up"/>
  <testcase name="i_enter_a_new_email_and_click_on_continue" time="9.398" classname="Stepdef.Successful_Registration_from_FUN_with_Top_Up"/>
  <testcase name="i_click_on_continue_on_marketing_preferences_page_without_opting" time="8.058" classname="Stepdef.Successful_Registration_from_FUN_with_Top_Up"/>
  <testcase name="i_click_on_change_My_preferences_on_missing_out_page" time="4.071" classname="Stepdef.Successful_Registration_from_FUN_with_Top_Up"/>
  <testcase name="i_opt_to_share_personal_data_and_offers_and_click_on_continue" time="12.152" classname="Stepdef.Successful_Registration_from_FUN_with_Top_Up"/>
  <testcase name="choose_Three_pounds_on_top_up_page_and_click_on_Add_Payment_details" time="4.054" classname="Stepdef.Successful_Registration_from_FUN_with_Top_Up"/>
  <testcase name="choose_card_on_payment_options_page" time="15.098" classname="Stepdef.Successful_Registration_from_FUN_with_Top_Up"/>
  <testcase name="enter_valid_card_details_and_billing_details_and_click_on_continue" time="27.982" classname="Stepdef.Successful_Registration_from_FUN_with_Top_Up"/>
  <testcase name="choose_auto_top_up_OFF_and_Auto_pay_On_and_click_on_confirm" time="28.062" classname="Stepdef.Successful_Registration_from_FUN_with_Top_Up"/>
  <testcase name="i_see_a_finish_notice" time="7.043" classname="Stepdef.Successful_Registration_from_FUN_with_Top_Up">
    <error type="org.openqa.selenium.NoSuchFrameException" message="No frame element found by name or id iframe__popup_notices
Build info: version: &#039;3.141.59&#039;, revision: &#039;e82be7d358&#039;, time: &#039;2018-11-14T08:17:03&#039;
System info: host: &#039;Jayarees-MacBook-Pro.local&#039;, ip: &#039;fe80:0:0:0:c38:2749:cf4b:aaa%en0&#039;, os.name: &#039;Mac OS X&#039;, os.arch: &#039;x86_64&#039;, os.version: &#039;10.15.5&#039;, java.version: &#039;1.8.0_191&#039;
Driver info: driver.version: unknown">
      <![CDATA[org.openqa.selenium.NoSuchFrameException: No frame element found by name or id iframe__popup_notices
Build info: version: '3.141.59', revision: 'e82be7d358', time: '2018-11-14T08:17:03'
System info: host: 'Jayarees-MacBook-Pro.local', ip: 'fe80:0:0:0:c38:2749:cf4b:aaa%en0', os.name: 'Mac OS X', os.arch: 'x86_64', os.version: '10.15.5', java.version: '1.8.0_191'
Driver info: driver.version: unknown
at org.openqa.selenium.remote.RemoteWebDriver$RemoteTargetLocator.frame(RemoteWebDriver.java:885)
at Elements.Popbitch_Finish_Notice_elements.click_on_popbitch_finish_Notice_ok(Popbitch_Finish_Notice_elements.java:88)
at Stepdef.Successful_Registration_from_FUN_with_Top_Up.i_see_a_finish_notice(Successful_Registration_from_FUN_with_Top_Up.java:194)
at sun.reflect.NativeMethodAccessorImpl.invoke0(Native Method)
at sun.reflect.NativeMethodAccessorImpl.invoke(NativeMethodAccessorImpl.java:62)
at sun.reflect.DelegatingMethodAccessorImpl.invoke(DelegatingMethodAccessorImpl.java:43)
at java.lang.reflect.Method.invoke(Method.java:498)
at org.testng.internal.MethodInvocationHelper.invokeMethod(MethodInvocationHelper.java:124)
at org.testng.internal.Invoker.invokeMethod(Invoker.java:583)
at org.testng.internal.Invoker.invokeTestMethod(Invoker.java:719)
at org.testng.internal.Invoker.invokeTestMethods(Invoker.java:989)
at org.testng.internal.TestMethodWorker.invokeTestMethods(TestMethodWorker.java:125)
at org.testng.internal.TestMethodWorker.run(TestMethodWorker.java:109)
at org.testng.TestRunner.privateRun(TestRunner.java:648)
at org.testng.TestRunner.run(TestRunner.java:505)
at org.testng.SuiteRunner.runTest(SuiteRunner.java:455)
at org.testng.SuiteRunner.runSequentially(SuiteRunner.java:450)
at org.testng.SuiteRunner.privateRun(SuiteRunner.java:415)
at org.testng.SuiteRunner.run(SuiteRunner.java:364)
at org.testng.SuiteRunnerWorker.runSuite(SuiteRunnerWorker.java:52)
at org.testng.SuiteRunnerWorker.run(SuiteRunnerWorker.java:84)
at org.testng.TestNG.runSuitesSequentially(TestNG.java:1208)
at org.testng.TestNG.runSuitesLocally(TestNG.java:1137)
at org.testng.TestNG.runSuites(TestNG.java:1049)
at org.testng.TestNG.run(TestNG.java:1017)
at org.testng.remote.AbstractRemoteTestNG.run(AbstractRemoteTestNG.java:114)
at org.testng.remote.RemoteTestNG.initAndRun(RemoteTestNG.java:251)
at org.testng.remote.RemoteTestNG.main(RemoteTestNG.java:77)
]]>
    </error>
  </testcase> <!-- i_see_a_finish_notice -->
  <testcase name="three_pounds_in_the_wallet" time="6.226" classname="Stepdef.Successful_Registration_from_FUN_with_Top_Up">
    <failure type="java.lang.AssertionError" message="expected [3.00] but found [2.75]">
      <![CDATA[java.lang.AssertionError: expected [3.00] but found [2.75]
at org.testng.Assert.fail(Assert.java:96)
at org.testng.Assert.failNotEquals(Assert.java:776)
at org.testng.Assert.assertEqualsImpl(Assert.java:137)
at org.testng.Assert.assertEquals(Assert.java:118)
at org.testng.Assert.assertEquals(Assert.java:453)
at org.testng.Assert.assertEquals(Assert.java:463)
at Stepdef.Successful_Registration_from_FUN_with_Top_Up.three_pounds_in_the_wallet(Successful_Registration_from_FUN_with_Top_Up.java:208)
at sun.reflect.NativeMethodAccessorImpl.invoke0(Native Method)
at sun.reflect.NativeMethodAccessorImpl.invoke(NativeMethodAccessorImpl.java:62)
at sun.reflect.DelegatingMethodAccessorImpl.invoke(DelegatingMethodAccessorImpl.java:43)
at java.lang.reflect.Method.invoke(Method.java:498)
at org.testng.internal.MethodInvocationHelper.invokeMethod(MethodInvocationHelper.java:124)
at org.testng.internal.Invoker.invokeMethod(Invoker.java:583)
at org.testng.internal.Invoker.invokeTestMethod(Invoker.java:719)
at org.testng.internal.Invoker.invokeTestMethods(Invoker.java:989)
at org.testng.internal.TestMethodWorker.invokeTestMethods(TestMethodWorker.java:125)
at org.testng.internal.TestMethodWorker.run(TestMethodWorker.java:109)
at org.testng.TestRunner.privateRun(TestRunner.java:648)
at org.testng.TestRunner.run(TestRunner.java:505)
at org.testng.SuiteRunner.runTest(SuiteRunner.java:455)
at org.testng.SuiteRunner.runSequentially(SuiteRunner.java:450)
at org.testng.SuiteRunner.privateRun(SuiteRunner.java:415)
at org.testng.SuiteRunner.run(SuiteRunner.java:364)
at org.testng.SuiteRunnerWorker.runSuite(SuiteRunnerWorker.java:52)
at org.testng.SuiteRunnerWorker.run(SuiteRunnerWorker.java:84)
at org.testng.TestNG.runSuitesSequentially(TestNG.java:1208)
at org.testng.TestNG.runSuitesLocally(TestNG.java:1137)
at org.testng.TestNG.runSuites(TestNG.java:1049)
at org.testng.TestNG.run(TestNG.java:1017)
at org.testng.remote.AbstractRemoteTestNG.run(AbstractRemoteTestNG.java:114)
at org.testng.remote.RemoteTestNG.initAndRun(RemoteTestNG.java:251)
at org.testng.remote.RemoteTestNG.main(RemoteTestNG.java:77)
]]>
    </failure>
  </testcase> <!-- three_pounds_in_the_wallet -->
  <testcase name="auto_top_up_off_shows_ADD_FUNDS_on_the_wallet" time="7.289" classname="Stepdef.Successful_Registration_from_FUN_with_Top_Up"/>
</testsuite> <!-- Stepdef.Successful_Registration_from_FUN_with_Top_Up -->
